<?xml version="1.0" encoding="UTF-8"?>
<!-- Generated by org.testng.reporters.JUnitReportReporter -->
<testsuite hostname="MC0AGCVC" name="pageobject.App" tests="1" failures="0" timestamp="13 Jun 2019 06:46:33 GMT" time="0.004" errors="0">
  <testcase name="f" time="0.004" classname="pageobject.App"/>
</testsuite> <!-- pageobject.App -->
