<?xml version="1.0" encoding="UTF-8"?>
<!-- Generated by org.testng.reporters.JUnitReportReporter -->
<testsuite hostname="MC0AGCVC" name="com.maven.selenium.AppTest" tests="1" failures="0" timestamp="21 Jun 2019 10:42:25 GMT" time="3.846" errors="0">
  <testcase name="withoutmain" time="3.846" classname="com.maven.selenium.AppTest"/>
</testsuite> <!-- com.maven.selenium.AppTest -->
